#
# A fatal error has been detected by the Java Runtime Environment:
#
#  SIGSEGV (0xb) at pc=0x000000010fc3617c, pid=46324, tid=18691
#
# JRE version: Java(TM) SE Runtime Environment (8.0_31-b13) (build 1.8.0_31-b13)
# Java VM: Java HotSpot(TM) 64-Bit Server VM (25.31-b07 mixed mode bsd-amd64 compressed oops)
# Problematic frame:
# V  [libjvm.dylib+0x42317c]  Method::checked_resolve_jmethod_id(_jmethodID*)+0xe
#
# Failed to write core dump. Core dumps have been disabled. To enable core dumping, try "ulimit -c unlimited" before starting Java again
#
# If you would like to submit a bug report, please visit:
#   http://bugreport.java.com/bugreport/crash.jsp
#

---------------  T H R E A D  ---------------

Current thread (0x00007fcce6801000):  JavaThread "JDWP Transport Listener: dt_socket" daemon [_thread_in_vm, id=18691, stack(0x000000012defd000,0x000000012dffd000)]

siginfo: si_signo: 11 (SIGSEGV), si_code: 0 (unknown), si_addr: 0x0000000000000000

Registers:
RAX=0x0000000000000001, RBX=0x000000012dffca8b, RCX=0x000000010ffeac70, RDX=0x000000012dffca8b
RSP=0x000000012dffc9d0, RBP=0x000000012dffc9e0, RSI=0x00007fcce6801000, RDI=0x90ba50e3cc7f0003
R8 =0x0000000000000000, R9 =0x00007fcce3400000, R10=0x0000000000000010, R11=0x00007fcce3400000
R12=0x00007fcce6801000, R13=0x90ba50e3cc7f0003, R14=0x90ba50e3cc7f0003, R15=0x00007fcce5800220
RIP=0x000000010fc3617c, EFLAGS=0x0000000000010286, ERR=0x0000000000000000
  TRAPNO=0x000000000000000d

Top of Stack: (sp=0x000000012dffc9d0)
0x000000012dffc9d0:   000000012dffca8b 000000012dffca8b
0x000000012dffc9e0:   000000012dffca40 000000010fb4819e
0x000000012dffc9f0:   00007fcce6801000 0000000000000000
0x000000012dffca00:   0000000000000000 0000000000000000
0x000000012dffca10:   00007fcce6801000 00007fcce6801000
0x000000012dffca20:   000000012dffca8b 000000012dffca90
0x000000012dffca30:   90ba50e3cc7f0003 0000000000000002
0x000000012dffca40:   000000012dffca60 00000001108977dc
0x000000012dffca50:   0000000000000001 000000012dffcb08
0x000000012dffca60:   000000012dffcad0 000000011087c263
0x000000012dffca70:   000000012dffcaa0 00007fcce34ce930
0x000000012dffca80:   0000000300000032 0000000900ffcb08
0x000000012dffca90:   0000000000000000 0000000000000000
0x000000012dffcaa0:   0000000000000000 000000012dffcc90
0x000000012dffcab0:   000000011089eeca 00007fcce3421500
0x000000012dffcac0:   000000012dffcb08 00000001108aa588
0x000000012dffcad0:   000000012dffcae0 000000011087c35c
0x000000012dffcae0:   000000012dffcd00 00000001108858f6
0x000000012dffcaf0:   0000471600000013 00000000000f0200
0x000000012dffcb00:   00007fcce5c2f2b0 000000012dffcbaf
0x000000012dffcb10:   00007fcc000000d5 000000012dffcb20
0x000000012dffcb20:   00007fcc00000057 000000012dffcb58
0x000000012dffcb30:   0000000000000000 00007f0000000000
0x000000012dffcb40:   000047160000000f 00007fff0000f780
0x000000012dffcb50:   000000012dffcb58 cc7f000003000000
0x000000012dffcb60:   0800000040aef1e5 656c694664616572
0x000000012dffcb70:   6a4c292814000000 676e616c2f617661
0x000000012dffcb80:   3b676e697274532f 0a00000000000000
0x000000012dffcb90:   90ba50e3cc7f0000 6461657204000000
0x000000012dffcba0:   0056292803000000 6309000000000000
0x000000012dffcbb0:   543c300000003b74 6c2f6176616a4c3a
0x000000012dffcbc0:   656a624f2f676e61 3b5454283e3b7463 

Instructions: (pc=0x000000010fc3617c)
0x000000010fc3615c:   40 48 48 85 c0 75 e0 30 c0 0f b6 c0 5d c3 31 c0
0x000000010fc3616c:   5d c3 55 48 89 e5 53 48 83 ec 08 48 85 ff 74 24
0x000000010fc3617c:   48 8b 1f 48 85 db 74 1c 48 83 fb 37 74 16 48 8b
0x000000010fc3618c:   03 48 89 df ff 50 10 84 c0 b8 00 00 00 00 48 0f 

Register to memory mapping:

RAX=0x0000000000000001 is an unknown value
RBX=0x000000012dffca8b is pointing into the stack for thread: 0x00007fcce6801000
RCX=0x000000010ffeac70: UseMembar+0 in /Library/Java/JavaVirtualMachines/jdk1.8.0_31.jdk/Contents/Home/jre/lib/server/libjvm.dylib at 0x000000010f813000
RDX=0x000000012dffca8b is pointing into the stack for thread: 0x00007fcce6801000
RSP=0x000000012dffc9d0 is pointing into the stack for thread: 0x00007fcce6801000
RBP=0x000000012dffc9e0 is pointing into the stack for thread: 0x00007fcce6801000
RSI=0x00007fcce6801000 is a thread
RDI=0x90ba50e3cc7f0003 is an unknown value
R8 =0x0000000000000000 is an unknown value
R9 =0x00007fcce3400000 is an unknown value
R10=0x0000000000000010 is an unknown value
R11=0x00007fcce3400000 is an unknown value
R12=0x00007fcce6801000 is a thread
R13=0x90ba50e3cc7f0003 is an unknown value
R14=0x90ba50e3cc7f0003 is an unknown value
R15=0x00007fcce5800220 is an unknown value


Stack: [0x000000012defd000,0x000000012dffd000],  sp=0x000000012dffc9d0,  free space=1022k
Native frames: (J=compiled Java code, j=interpreted, Vv=VM code, C=native code)
V  [libjvm.dylib+0x42317c]  Method::checked_resolve_jmethod_id(_jmethodID*)+0xe
V  [libjvm.dylib+0x33519e]  jvmti_IsMethodSynthetic+0xb2
C  [libjdwp.dylib+0x207dc]  isMethodSynthetic+0x63
C  [libjdwp.dylib+0x5263]  methods1+0x10b
C  [libjdwp.dylib+0x535c]  methodsWithGeneric+0xe
C  [libjdwp.dylib+0xe8f6]  debugLoop_run+0x1ce
C  [libjdwp.dylib+0x1f716]  attachThread+0x4d
V  [libjvm.dylib+0x3761fe]  JvmtiAgentThread::call_start_function()+0x38
V  [libjvm.dylib+0x5360cf]  JavaThread::thread_main_inner()+0x9b
V  [libjvm.dylib+0x53780c]  JavaThread::run()+0x1c2
V  [libjvm.dylib+0x45d772]  java_start(Thread*)+0xf6
C  [libsystem_pthread.dylib+0x405a]  _pthread_body+0x83
C  [libsystem_pthread.dylib+0x3fd7]  _pthread_body+0x0
C  [libsystem_pthread.dylib+0x13ed]  thread_start+0xd
C  0x0000000000000000


---------------  P R O C E S S  ---------------

Java Threads: ( => current thread )
  0x00007fcce9045800 JavaThread "DestroyJavaVM" [_thread_blocked, id=4867, stack(0x0000000110733000,0x0000000110833000)]
  0x00007fcce8284000 JavaThread "http-nio-8080-Acceptor-0" daemon [_thread_in_native, id=27395, stack(0x0000000131c2d000,0x0000000131d2d000)]
  0x00007fcce6e29000 JavaThread "http-nio-8080-ClientPoller-1" daemon [_thread_in_native, id=26883, stack(0x0000000131b2a000,0x0000000131c2a000)]
  0x00007fcce8287000 JavaThread "http-nio-8080-ClientPoller-0" daemon [_thread_in_native, id=26371, stack(0x0000000131590000,0x0000000131690000)]
  0x00007fcce7a1d800 JavaThread "NioBlockingSelector.BlockPoller-1" daemon [_thread_in_native, id=25859, stack(0x0000000130fee000,0x00000001310ee000)]
  0x00007fcce7974000 JavaThread "java-sdk-http-connection-reaper" daemon [_thread_blocked, id=25347, stack(0x000000013115c000,0x000000013125c000)]
  0x00007fcce7e2c800 JavaThread "container-0" [_thread_blocked, id=24835, stack(0x00000001313e6000,0x00000001314e6000)]
  0x00007fcce6e13800 JavaThread "ContainerBackgroundProcessor[StandardEngine[Tomcat].StandardHost[localhost].StandardContext[]]" daemon [_thread_blocked, id=24323, stack(0x00000001312e3000,0x00000001313e3000)]
  0x00007fcce689f800 JavaThread "Service Thread" daemon [_thread_blocked, id=22275, stack(0x000000012ea47000,0x000000012eb47000)]
  0x00007fcce7846000 JavaThread "C1 CompilerThread3" daemon [_thread_blocked, id=21763, stack(0x000000012e944000,0x000000012ea44000)]
  0x00007fcce7845000 JavaThread "C2 CompilerThread2" daemon [_thread_blocked, id=21251, stack(0x000000012e841000,0x000000012e941000)]
  0x00007fcce689f000 JavaThread "C2 CompilerThread1" daemon [_thread_blocked, id=20739, stack(0x000000012e73e000,0x000000012e83e000)]
  0x00007fcce689e000 JavaThread "C2 CompilerThread0" daemon [_thread_blocked, id=20227, stack(0x000000012e63b000,0x000000012e73b000)]
  0x00007fcce6008800 JavaThread "JDWP Command Reader" daemon [_thread_in_native, id=19715, stack(0x000000012e103000,0x000000012e203000)]
  0x00007fcce7007800 JavaThread "JDWP Event Helper Thread" daemon [_thread_blocked, id=19203, stack(0x000000012e000000,0x000000012e100000)]
=>0x00007fcce6801000 JavaThread "JDWP Transport Listener: dt_socket" daemon [_thread_in_vm, id=18691, stack(0x000000012defd000,0x000000012dffd000)]
  0x00007fcce388f800 JavaThread "Signal Dispatcher" daemon [_thread_blocked, id=15127, stack(0x000000012ddfa000,0x000000012defa000)]
  0x00007fcce3884800 JavaThread "Finalizer" daemon [_thread_blocked, id=13571, stack(0x000000012c3d1000,0x000000012c4d1000)]
  0x00007fcce3884000 JavaThread "Reference Handler" daemon [_thread_blocked, id=13059, stack(0x000000012c2ce000,0x000000012c3ce000)]

Other Threads:
  0x00007fcce3881000 VMThread [stack: 0x000000012c1cb000,0x000000012c2cb000] [id=12547]
  0x00007fcce4839800 WatcherThread [stack: 0x000000012eb4a000,0x000000012ec4a000] [id=22787]

VM state:not at safepoint (normal execution)

VM Mutex/Monitor currently owned by a thread: None

Heap:
 PSYoungGen      total 272896K, used 160419K [0x000000076ab00000, 0x000000077c800000, 0x00000007c0000000)
  eden space 260096K, 61% used [0x000000076ab00000,0x00000007747a8eb8,0x000000077a900000)
  from space 12800K, 0% used [0x000000077b780000,0x000000077b780000,0x000000077c400000)
  to   space 14848K, 0% used [0x000000077a900000,0x000000077a900000,0x000000077b780000)
 ParOldGen       total 96768K, used 11472K [0x00000006c0000000, 0x00000006c5e80000, 0x000000076ab00000)
  object space 96768K, 11% used [0x00000006c0000000,0x00000006c0b343f8,0x00000006c5e80000)
 Metaspace       used 31086K, capacity 31452K, committed 31792K, reserved 1077248K
  class space    used 3777K, capacity 3873K, committed 3888K, reserved 1048576K

Card table byte_map: [0x000000011fce7000,0x00000001204e8000] byte_map_base: 0x000000011c6e7000

Marking Bits: (ParMarkBitMap*) 0x00000001100b1410
 Begin Bits: [0x0000000121256000, 0x0000000125256000)
 End Bits:   [0x0000000125256000, 0x0000000129256000)

Polling page: 0x000000010e7f9000

CodeCache: size=245760Kb used=11004Kb max_used=12711Kb free=234755Kb
 bounds [0x0000000110927000, 0x00000001115a7000, 0x000000011f927000]
 total_blobs=3449 nmethods=3040 adapters=331
 compilation: enabled

Compilation events (10 events):
Event: 159.429 Thread 0x00007fcce7846000 3591   !   3       sun.nio.ch.KQueueSelectorImpl::doSelect (60 bytes)
Event: 159.430 Thread 0x00007fcce7846000 nmethod 3591 0x0000000110a9a050 code [0x0000000110a9a2c0, 0x0000000110a9b308]
Event: 275.809 Thread 0x00007fcce7846000 3593       3       org.apache.tomcat.util.net.NioBlockingSelector$BlockPoller::events (48 bytes)
Event: 275.810 Thread 0x00007fcce7846000 nmethod 3593 0x0000000110a6ec10 code [0x0000000110a6edc0, 0x0000000110a6f4d8]
Event: 275.810 Thread 0x00007fcce7846000 3594  s    3       org.apache.tomcat.util.collections.SynchronizedQueue::size (23 bytes)
Event: 275.811 Thread 0x00007fcce7846000 nmethod 3594 0x0000000110af6490 code [0x0000000110af6600, 0x0000000110af6910]
Event: 303.001 Thread 0x00007fcce7846000 3595       3       java.util.HashMap$Values::size (8 bytes)
Event: 303.001 Thread 0x00007fcce7846000 nmethod 3595 0x0000000110b63ed0 code [0x0000000110b64040, 0x0000000110b641b0]
Event: 309.925 Thread 0x00007fcce689f000 3596       4       java.util.Collections$UnmodifiableCollection$1::hasNext (10 bytes)
Event: 309.926 Thread 0x00007fcce689f000 nmethod 3596 0x0000000110d3f1d0 code [0x0000000110d3f320, 0x0000000110d3f3b8]

GC Heap History (10 events):
Event: 1.331 GC heap before
{Heap before GC invocations=3 (full 0):
 PSYoungGen      total 76288K, used 69757K [0x000000076ab00000, 0x0000000770000000, 0x00000007c0000000)
  eden space 65536K, 100% used [0x000000076ab00000,0x000000076eb00000,0x000000076eb00000)
  from space 10752K, 39% used [0x000000076f580000,0x000000076f99f438,0x0000000770000000)
  to   space 10752K, 0% used [0x000000076eb00000,0x000000076eb00000,0x000000076f580000)
 ParOldGen       total 175104K, used 24K [0x00000006c0000000, 0x00000006cab00000, 0x000000076ab00000)
  object space 175104K, 0% used [0x00000006c0000000,0x00000006c0006000,0x00000006cab00000)
 Metaspace       used 10318K, capacity 10440K, committed 10496K, reserved 1058816K
  class space    used 1246K, capacity 1274K, committed 1280K, reserved 1048576K
Event: 1.334 GC heap after
Heap after GC invocations=3 (full 0):
 PSYoungGen      total 76288K, used 3337K [0x000000076ab00000, 0x0000000774000000, 0x00000007c0000000)
  eden space 65536K, 0% used [0x000000076ab00000,0x000000076ab00000,0x000000076eb00000)
  from space 10752K, 31% used [0x000000076eb00000,0x000000076ee427b0,0x000000076f580000)
  to   space 10752K, 0% used [0x0000000773580000,0x0000000773580000,0x0000000774000000)
 ParOldGen       total 175104K, used 32K [0x00000006c0000000, 0x00000006cab00000, 0x000000076ab00000)
  object space 175104K, 0% used [0x00000006c0000000,0x00000006c0008000,0x00000006cab00000)
 Metaspace       used 10318K, capacity 10440K, committed 10496K, reserved 1058816K
  class space    used 1246K, capacity 1274K, committed 1280K, reserved 1048576K
}
Event: 1.687 GC heap before
{Heap before GC invocations=4 (full 0):
 PSYoungGen      total 76288K, used 68873K [0x000000076ab00000, 0x0000000774000000, 0x00000007c0000000)
  eden space 65536K, 100% used [0x000000076ab00000,0x000000076eb00000,0x000000076eb00000)
  from space 10752K, 31% used [0x000000076eb00000,0x000000076ee427b0,0x000000076f580000)
  to   space 10752K, 0% used [0x0000000773580000,0x0000000773580000,0x0000000774000000)
 ParOldGen       total 175104K, used 32K [0x00000006c0000000, 0x00000006cab00000, 0x000000076ab00000)
  object space 175104K, 0% used [0x00000006c0000000,0x00000006c0008000,0x00000006cab00000)
 Metaspace       used 12536K, capacity 12690K, committed 12928K, reserved 1060864K
  class space    used 1515K, capacity 1569K, committed 1664K, reserved 1048576K
Event: 1.692 GC heap after
Heap after GC invocations=4 (full 0):
 PSYoungGen      total 141824K, used 5391K [0x000000076ab00000, 0x0000000774000000, 0x00000007c0000000)
  eden space 131072K, 0% used [0x000000076ab00000,0x000000076ab00000,0x0000000772b00000)
  from space 10752K, 50% used [0x0000000773580000,0x0000000773ac3ca0,0x0000000774000000)
  to   space 10752K, 0% used [0x0000000772b00000,0x0000000772b00000,0x0000000773580000)
 ParOldGen       total 175104K, used 40K [0x00000006c0000000, 0x00000006cab00000, 0x000000076ab00000)
  object space 175104K, 0% used [0x00000006c0000000,0x00000006c000a000,0x00000006cab00000)
 Metaspace       used 12536K, capacity 12690K, committed 12928K, reserved 1060864K
  class space    used 1515K, capacity 1569K, committed 1664K, reserved 1048576K
}
Event: 2.614 GC heap before
{Heap before GC invocations=5 (full 0):
 PSYoungGen      total 141824K, used 136463K [0x000000076ab00000, 0x0000000774000000, 0x00000007c0000000)
  eden space 131072K, 100% used [0x000000076ab00000,0x0000000772b00000,0x0000000772b00000)
  from space 10752K, 50% used [0x0000000773580000,0x0000000773ac3ca0,0x0000000774000000)
  to   space 10752K, 0% used [0x0000000772b00000,0x0000000772b00000,0x0000000773580000)
 ParOldGen       total 175104K, used 40K [0x00000006c0000000, 0x00000006cab00000, 0x000000076ab00000)
  object space 175104K, 0% used [0x00000006c0000000,0x00000006c000a000,0x00000006cab00000)
 Metaspace       used 20756K, capacity 20886K, committed 20992K, reserved 1067008K
  class space    used 2508K, capacity 2551K, committed 2560K, reserved 1048576K
Event: 2.627 GC heap after
Heap after GC invocations=5 (full 0):
 PSYoungGen      total 141824K, used 10740K [0x000000076ab00000, 0x000000077c400000, 0x00000007c0000000)
  eden space 131072K, 0% used [0x000000076ab00000,0x000000076ab00000,0x0000000772b00000)
  from space 10752K, 99% used [0x0000000772b00000,0x000000077357d3e0,0x0000000773580000)
  to   space 12800K, 0% used [0x000000077b780000,0x000000077b780000,0x000000077c400000)
 ParOldGen       total 175104K, used 3823K [0x00000006c0000000, 0x00000006cab00000, 0x000000076ab00000)
  object space 175104K, 2% used [0x00000006c0000000,0x00000006c03bbc08,0x00000006cab00000)
 Metaspace       used 20756K, capacity 20886K, committed 20992K, reserved 1067008K
  class space    used 2508K, capacity 2551K, committed 2560K, reserved 1048576K
}
Event: 2.681 GC heap before
{Heap before GC invocations=6 (full 0):
 PSYoungGen      total 141824K, used 23145K [0x000000076ab00000, 0x000000077c400000, 0x00000007c0000000)
  eden space 131072K, 9% used [0x000000076ab00000,0x000000076b71d198,0x0000000772b00000)
  from space 10752K, 99% used [0x0000000772b00000,0x000000077357d3e0,0x0000000773580000)
  to   space 12800K, 0% used [0x000000077b780000,0x000000077b780000,0x000000077c400000)
 ParOldGen       total 175104K, used 3823K [0x00000006c0000000, 0x00000006cab00000, 0x000000076ab00000)
  object space 175104K, 2% used [0x00000006c0000000,0x00000006c03bbc08,0x00000006cab00000)
 Metaspace       used 20990K, capacity 21174K, committed 21296K, reserved 1069056K
  class space    used 2528K, capacity 2583K, committed 2608K, reserved 1048576K
Event: 2.690 GC heap after
Heap after GC invocations=6 (full 0):
 PSYoungGen      total 272896K, used 11310K [0x000000076ab00000, 0x000000077c800000, 0x00000007c0000000)
  eden space 260096K, 0% used [0x000000076ab00000,0x000000076ab00000,0x000000077a900000)
  from space 12800K, 88% used [0x000000077b780000,0x000000077c28bb88,0x000000077c400000)
  to   space 14848K, 0% used [0x000000077a900000,0x000000077a900000,0x000000077b780000)
 ParOldGen       total 175104K, used 3831K [0x00000006c0000000, 0x00000006cab00000, 0x000000076ab00000)
  object space 175104K, 2% used [0x00000006c0000000,0x00000006c03bdc08,0x00000006cab00000)
 Metaspace       used 20990K, capacity 21174K, committed 21296K, reserved 1069056K
  class space    used 2528K, capacity 2583K, committed 2608K, reserved 1048576K
}
Event: 2.690 GC heap before
{Heap before GC invocations=7 (full 1):
 PSYoungGen      total 272896K, used 11310K [0x000000076ab00000, 0x000000077c800000, 0x00000007c0000000)
  eden space 260096K, 0% used [0x000000076ab00000,0x000000076ab00000,0x000000077a900000)
  from space 12800K, 88% used [0x000000077b780000,0x000000077c28bb88,0x000000077c400000)
  to   space 14848K, 0% used [0x000000077a900000,0x000000077a900000,0x000000077b780000)
 ParOldGen       total 175104K, used 3831K [0x00000006c0000000, 0x00000006cab00000, 0x000000076ab00000)
  object space 175104K, 2% used [0x00000006c0000000,0x00000006c03bdc08,0x00000006cab00000)
 Metaspace       used 20990K, capacity 21174K, committed 21296K, reserved 1069056K
  class space    used 2528K, capacity 2583K, committed 2608K, reserved 1048576K
Event: 2.729 GC heap after
Heap after GC invocations=7 (full 1):
 PSYoungGen      total 272896K, used 0K [0x000000076ab00000, 0x000000077c800000, 0x00000007c0000000)
  eden space 260096K, 0% used [0x000000076ab00000,0x000000076ab00000,0x000000077a900000)
  from space 12800K, 0% used [0x000000077b780000,0x000000077b780000,0x000000077c400000)
  to   space 14848K, 0% used [0x000000077a900000,0x000000077a900000,0x000000077b780000)
 ParOldGen       total 96768K, used 11472K [0x00000006c0000000, 0x00000006c5e80000, 0x000000076ab00000)
  object space 96768K, 11% used [0x00000006c0000000,0x00000006c0b343f8,0x00000006c5e80000)
 Metaspace       used 20990K, capacity 21174K, committed 21296K, reserved 1069056K
  class space    used 2528K, capacity 2583K, committed 2608K, reserved 1048576K
}

Deoptimization events (10 events):
Event: 3.552 Thread 0x00007fcce381c000 Uncommon trap: reason=predicate action=maybe_recompile pc=0x0000000110fcfcb4 method=org.springframework.util.ReflectionUtils.doWithMethods(Ljava/lang/Class;Lorg/springframework/util/ReflectionUtils$MethodCallback;Lorg/springframework/util/ReflectionUtils$
Event: 3.552 Thread 0x00007fcce381c000 Uncommon trap: reason=class_check action=maybe_recompile pc=0x0000000111349d6c method=java.lang.reflect.Executable.getAnnotation(Ljava/lang/Class;)Ljava/lang/annotation/Annotation; @ 19
Event: 3.558 Thread 0x00007fcce381c000 Uncommon trap: reason=null_check action=make_not_entrant pc=0x0000000110e26cac method=org.springframework.util.AntPathMatcher.tokenizePattern(Ljava/lang/String;)[Ljava/lang/String; @ 28
Event: 3.558 Thread 0x00007fcce381c000 Uncommon trap: reason=null_check action=make_not_entrant pc=0x0000000110e15764 method=org.springframework.util.AntPathMatcher.getStringMatcher(Ljava/lang/String;)Lorg/springframework/util/AntPathMatcher$AntPathStringMatcher; @ 28
Event: 3.560 Thread 0x00007fcce381c000 Uncommon trap: reason=class_check action=maybe_recompile pc=0x0000000111349d6c method=java.lang.reflect.Executable.getAnnotation(Ljava/lang/Class;)Ljava/lang/annotation/Annotation; @ 19
Event: 3.560 Thread 0x00007fcce381c000 Uncommon trap: reason=class_check action=maybe_recompile pc=0x0000000111349d6c method=java.lang.reflect.Executable.getAnnotation(Ljava/lang/Class;)Ljava/lang/annotation/Annotation; @ 19
Event: 3.591 Thread 0x00007fcce381c000 Uncommon trap: reason=bimorphic action=maybe_recompile pc=0x0000000110eb847c method=java.util.AbstractCollection.isEmpty()Z @ 1
Event: 3.628 Thread 0x00007fcce381c000 Uncommon trap: reason=unreached action=reinterpret pc=0x00000001113ba3c0 method=org.springframework.beans.factory.support.DefaultSingletonBeanRegistry.getSingleton(Ljava/lang/String;Z)Ljava/lang/Object; @ 43
Event: 3.629 Thread 0x00007fcce381c000 Uncommon trap: reason=class_check action=maybe_recompile pc=0x0000000111349d6c method=java.lang.reflect.Executable.getAnnotation(Ljava/lang/Class;)Ljava/lang/annotation/Annotation; @ 19
Event: 32.966 Thread 0x00007fcce6e13800 Uncommon trap: reason=predicate action=maybe_recompile pc=0x0000000111314f30 method=java.util.AbstractCollection.addAll(Ljava/util/Collection;)Z @ 18

Internal exceptions (10 events):
Event: 7.301 Thread 0x00007fcce381c000 Exception <a 'java/security/PrivilegedActionException'> (0x00000007738a5c00) thrown at [/Users/java_re/workspace/8-2-build-macosx-x86_64/jdk8u31/2394/hotspot/src/share/vm/prims/jvm.cpp, line 1312]
Event: 11.058 Thread 0x00007fcce381c000 Exception <a 'java/security/PrivilegedActionException'> (0x00000007738e5e08) thrown at [/Users/java_re/workspace/8-2-build-macosx-x86_64/jdk8u31/2394/hotspot/src/share/vm/prims/jvm.cpp, line 1312]
Event: 11.062 Thread 0x00007fcce381c000 Exception <a 'java/security/PrivilegedActionException'> (0x00000007738f2520) thrown at [/Users/java_re/workspace/8-2-build-macosx-x86_64/jdk8u31/2394/hotspot/src/share/vm/prims/jvm.cpp, line 1312]
Event: 11.066 Thread 0x00007fcce381c000 Exception <a 'java/security/PrivilegedActionException'> (0x00000007738fe510) thrown at [/Users/java_re/workspace/8-2-build-macosx-x86_64/jdk8u31/2394/hotspot/src/share/vm/prims/jvm.cpp, line 1312]
Event: 11.068 Thread 0x00007fcce381c000 Exception <a 'java/security/PrivilegedActionException'> (0x00000007739089c0) thrown at [/Users/java_re/workspace/8-2-build-macosx-x86_64/jdk8u31/2394/hotspot/src/share/vm/prims/jvm.cpp, line 1312]
Event: 11.072 Thread 0x00007fcce381c000 Exception <a 'java/security/PrivilegedActionException'> (0x0000000773914318) thrown at [/Users/java_re/workspace/8-2-build-macosx-x86_64/jdk8u31/2394/hotspot/src/share/vm/prims/jvm.cpp, line 1312]
Event: 28.978 Thread 0x00007fcce381c000 Exception <a 'java/security/PrivilegedActionException'> (0x00000007739227a8) thrown at [/Users/java_re/workspace/8-2-build-macosx-x86_64/jdk8u31/2394/hotspot/src/share/vm/prims/jvm.cpp, line 1312]
Event: 32.966 Thread 0x00007fcce6e13800 Exception <a 'java/security/PrivilegedActionException'> (0x000000076d0de218) thrown at [/Users/java_re/workspace/8-2-build-macosx-x86_64/jdk8u31/2394/hotspot/src/share/vm/prims/jvm.cpp, line 1312]
Event: 32.967 Thread 0x00007fcce6e13800 Exception <a 'java/security/PrivilegedActionException'> (0x000000076d0ebb88) thrown at [/Users/java_re/workspace/8-2-build-macosx-x86_64/jdk8u31/2394/hotspot/src/share/vm/prims/jvm.cpp, line 1312]
Event: 63.220 Thread 0x00007fcce7974000 Exception <a 'java/security/PrivilegedActionException'> (0x000000077436da50) thrown at [/Users/java_re/workspace/8-2-build-macosx-x86_64/jdk8u31/2394/hotspot/src/share/vm/prims/jvm.cpp, line 1312]

Events (10 events):
Event: 287.700 Executing VM operation: ChangeBreakpoints
Event: 287.700 Executing VM operation: ChangeBreakpoints done
Event: 314.772 Executing VM operation: ChangeBreakpoints
Event: 314.774 Executing VM operation: ChangeBreakpoints done
Event: 318.843 Executing VM operation: ChangeBreakpoints
Event: 318.843 Executing VM operation: ChangeBreakpoints done
Event: 318.854 Thread 0x00007fcce6801000 DEOPT PACKING pc=0x0000000110af74ec sp=0x000000012dffb5a0
Event: 318.854 Thread 0x00007fcce6801000 DEOPT UNPACKING pc=0x000000011096e373 sp=0x000000012dffb2f8 mode 1
Event: 318.855 Executing VM operation: RedefineClasses
Event: 318.876 Executing VM operation: RedefineClasses done


Dynamic libraries:
0x0000000003230000 	/System/Library/Frameworks/Cocoa.framework/Versions/A/Cocoa
0x0000000003230000 	/System/Library/Frameworks/Security.framework/Versions/A/Security
0x0000000003230000 	/System/Library/Frameworks/ApplicationServices.framework/Versions/A/ApplicationServices
0x0000000003230000 	/usr/lib/libz.1.dylib
0x0000000003230000 	/usr/lib/libSystem.B.dylib
0x0000000003230000 	/usr/lib/libobjc.A.dylib
0x0000000003230000 	/System/Library/Frameworks/CoreFoundation.framework/Versions/A/CoreFoundation
0x0000000003230000 	/System/Library/Frameworks/Foundation.framework/Versions/C/Foundation
0x0000000003230000 	/System/Library/Frameworks/AppKit.framework/Versions/C/AppKit
0x0000000003230000 	/System/Library/Frameworks/CoreData.framework/Versions/A/CoreData
0x0000000003230000 	/System/Library/PrivateFrameworks/RemoteViewServices.framework/Versions/A/RemoteViewServices
0x0000000003230000 	/System/Library/PrivateFrameworks/UIFoundation.framework/Versions/A/UIFoundation
0x0000000003230000 	/System/Library/Frameworks/IOSurface.framework/Versions/A/IOSurface
0x0000000003230000 	/System/Library/Frameworks/AudioToolbox.framework/Versions/A/AudioToolbox
0x0000000003230000 	/System/Library/Frameworks/AudioUnit.framework/Versions/A/AudioUnit
0x0000000003230000 	/System/Library/PrivateFrameworks/DataDetectorsCore.framework/Versions/A/DataDetectorsCore
0x0000000003230000 	/System/Library/PrivateFrameworks/DesktopServicesPriv.framework/Versions/A/DesktopServicesPriv
0x0000000003230000 	/System/Library/Frameworks/Carbon.framework/Versions/A/Frameworks/HIToolbox.framework/Versions/A/HIToolbox
0x0000000003230000 	/System/Library/Frameworks/QuartzCore.framework/Versions/A/QuartzCore
0x0000000003230000 	/System/Library/Frameworks/Carbon.framework/Versions/A/Frameworks/SpeechRecognition.framework/Versions/A/SpeechRecognition
0x0000000003230000 	/usr/lib/libauto.dylib
0x0000000003230000 	/usr/lib/libicucore.A.dylib
0x0000000003230000 	/usr/lib/libxml2.2.dylib
0x0000000003230000 	/System/Library/PrivateFrameworks/CoreUI.framework/Versions/A/CoreUI
0x0000000003230000 	/System/Library/Frameworks/CoreAudio.framework/Versions/A/CoreAudio
0x0000000003230000 	/System/Library/Frameworks/DiskArbitration.framework/Versions/A/DiskArbitration
0x0000000003230000 	/usr/lib/liblangid.dylib
0x0000000003230000 	/System/Library/PrivateFrameworks/MultitouchSupport.framework/Versions/A/MultitouchSupport
0x0000000003230000 	/System/Library/Frameworks/IOKit.framework/Versions/A/IOKit
0x0000000003230000 	/usr/lib/libDiagnosticMessagesClient.dylib
0x0000000003230000 	/System/Library/Frameworks/CoreServices.framework/Versions/A/CoreServices
0x0000000003230000 	/System/Library/PrivateFrameworks/PerformanceAnalysis.framework/Versions/A/PerformanceAnalysis
0x0000000003230000 	/System/Library/PrivateFrameworks/GenerationalStorage.framework/Versions/A/GenerationalStorage
0x0000000003230000 	/System/Library/Frameworks/OpenGL.framework/Versions/A/OpenGL
0x0000000003230000 	/System/Library/PrivateFrameworks/Sharing.framework/Versions/A/Sharing
0x0000000003230000 	/System/Library/Frameworks/CoreGraphics.framework/Versions/A/CoreGraphics
0x0000000003230000 	/System/Library/Frameworks/CoreText.framework/Versions/A/CoreText
0x0000000003230000 	/System/Library/Frameworks/ImageIO.framework/Versions/A/ImageIO
0x0000000003230000 	/usr/lib/libextension.dylib
0x0000000003230000 	/System/Library/PrivateFrameworks/Backup.framework/Versions/A/Backup
0x0000000003230000 	/usr/lib/libarchive.2.dylib
0x0000000003230000 	/System/Library/Frameworks/CFNetwork.framework/Versions/A/CFNetwork
0x0000000003230000 	/System/Library/Frameworks/SystemConfiguration.framework/Versions/A/SystemConfiguration
0x0000000003230000 	/usr/lib/libCRFSuite.dylib
0x0000000003230000 	/usr/lib/libc++.1.dylib
0x0000000003230000 	/usr/lib/libc++abi.dylib
0x0000000003230000 	/usr/lib/system/libcache.dylib
0x0000000003230000 	/usr/lib/system/libcommonCrypto.dylib
0x0000000003230000 	/usr/lib/system/libcompiler_rt.dylib
0x0000000003230000 	/usr/lib/system/libcopyfile.dylib
0x0000000003230000 	/usr/lib/system/libcorecrypto.dylib
0x0000000003230000 	/usr/lib/system/libdispatch.dylib
0x0000000003230000 	/usr/lib/system/libdyld.dylib
0x0000000003230000 	/usr/lib/system/libkeymgr.dylib
0x0000000003230000 	/usr/lib/system/liblaunch.dylib
0x0000000003230000 	/usr/lib/system/libmacho.dylib
0x0000000003230000 	/usr/lib/system/libquarantine.dylib
0x0000000003230000 	/usr/lib/system/libremovefile.dylib
0x0000000003230000 	/usr/lib/system/libsystem_asl.dylib
0x0000000003230000 	/usr/lib/system/libsystem_blocks.dylib
0x0000000003230000 	/usr/lib/system/libsystem_c.dylib
0x0000000003230000 	/usr/lib/system/libsystem_configuration.dylib
0x0000000003230000 	/usr/lib/system/libsystem_coreservices.dylib
0x0000000003230000 	/usr/lib/system/libsystem_coretls.dylib
0x0000000003230000 	/usr/lib/system/libsystem_dnssd.dylib
0x0000000003230000 	/usr/lib/system/libsystem_info.dylib
0x0000000003230000 	/usr/lib/system/libsystem_kernel.dylib
0x0000000003230000 	/usr/lib/system/libsystem_m.dylib
0x0000000003230000 	/usr/lib/system/libsystem_malloc.dylib
0x0000000003230000 	/usr/lib/system/libsystem_network.dylib
0x0000000003230000 	/usr/lib/system/libsystem_networkextension.dylib
0x0000000003230000 	/usr/lib/system/libsystem_notify.dylib
0x0000000003230000 	/usr/lib/system/libsystem_platform.dylib
0x0000000003230000 	/usr/lib/system/libsystem_pthread.dylib
0x0000000003230000 	/usr/lib/system/libsystem_sandbox.dylib
0x0000000003230000 	/usr/lib/system/libsystem_secinit.dylib
0x0000000003230000 	/usr/lib/system/libsystem_stats.dylib
0x0000000003230000 	/usr/lib/system/libsystem_trace.dylib
0x0000000003230000 	/usr/lib/system/libunc.dylib
0x0000000003230000 	/usr/lib/system/libunwind.dylib
0x0000000003230000 	/usr/lib/system/libxpc.dylib
0x0000000003230000 	/usr/lib/libbz2.1.0.dylib
0x0000000003230000 	/usr/lib/liblzma.5.dylib
0x0000000003230000 	/usr/lib/libbsm.0.dylib
0x0000000003230000 	/usr/lib/libsqlite3.dylib
0x0000000003230000 	/usr/lib/system/libkxld.dylib
0x0000000003230000 	/usr/lib/libxar.1.dylib
0x0000000003230000 	/usr/lib/libpam.2.dylib
0x0000000003230000 	/usr/lib/libOpenScriptingUtil.dylib
0x0000000003230000 	/System/Library/Frameworks/CoreServices.framework/Versions/A/Frameworks/FSEvents.framework/Versions/A/FSEvents
0x0000000003230000 	/System/Library/Frameworks/CoreServices.framework/Versions/A/Frameworks/CarbonCore.framework/Versions/A/CarbonCore
0x0000000003230000 	/System/Library/Frameworks/CoreServices.framework/Versions/A/Frameworks/Metadata.framework/Versions/A/Metadata
0x0000000003230000 	/System/Library/Frameworks/CoreServices.framework/Versions/A/Frameworks/OSServices.framework/Versions/A/OSServices
0x0000000003230000 	/System/Library/Frameworks/CoreServices.framework/Versions/A/Frameworks/SearchKit.framework/Versions/A/SearchKit
0x0000000003230000 	/System/Library/Frameworks/CoreServices.framework/Versions/A/Frameworks/AE.framework/Versions/A/AE
0x0000000003230000 	/System/Library/Frameworks/CoreServices.framework/Versions/A/Frameworks/LaunchServices.framework/Versions/A/LaunchServices
0x0000000003230000 	/System/Library/Frameworks/CoreServices.framework/Versions/A/Frameworks/DictionaryServices.framework/Versions/A/DictionaryServices
0x0000000003230000 	/System/Library/Frameworks/NetFS.framework/Versions/A/NetFS
0x0000000003230000 	/System/Library/PrivateFrameworks/NetAuth.framework/Versions/A/NetAuth
0x0000000003230000 	/System/Library/PrivateFrameworks/login.framework/Versions/A/Frameworks/loginsupport.framework/Versions/A/loginsupport
0x0000000003230000 	/System/Library/PrivateFrameworks/TCC.framework/Versions/A/TCC
0x0000000003230000 	/usr/lib/libmecabra.dylib
0x0000000003230000 	/System/Library/Frameworks/ApplicationServices.framework/Versions/A/Frameworks/ATS.framework/Versions/A/ATS
0x0000000003230000 	/System/Library/Frameworks/ApplicationServices.framework/Versions/A/Frameworks/ColorSync.framework/Versions/A/ColorSync
0x0000000003230000 	/System/Library/Frameworks/ApplicationServices.framework/Versions/A/Frameworks/HIServices.framework/Versions/A/HIServices
0x0000000003230000 	/System/Library/Frameworks/ApplicationServices.framework/Versions/A/Frameworks/LangAnalysis.framework/Versions/A/LangAnalysis
0x0000000003230000 	/System/Library/Frameworks/ApplicationServices.framework/Versions/A/Frameworks/PrintCore.framework/Versions/A/PrintCore
0x0000000003230000 	/System/Library/Frameworks/ApplicationServices.framework/Versions/A/Frameworks/QD.framework/Versions/A/QD
0x0000000003230000 	/System/Library/Frameworks/ApplicationServices.framework/Versions/A/Frameworks/SpeechSynthesis.framework/Versions/A/SpeechSynthesis
0x0000000003230000 	/System/Library/Frameworks/Accelerate.framework/Versions/A/Accelerate
0x0000000003230000 	/System/Library/Frameworks/Accelerate.framework/Versions/A/Frameworks/vImage.framework/Versions/A/vImage
0x0000000003230000 	/System/Library/Frameworks/Accelerate.framework/Versions/A/Frameworks/vecLib.framework/Versions/A/vecLib
0x0000000003230000 	/System/Library/Frameworks/Accelerate.framework/Versions/A/Frameworks/vecLib.framework/Versions/A/libvDSP.dylib
0x0000000003230000 	/System/Library/Frameworks/Accelerate.framework/Versions/A/Frameworks/vecLib.framework/Versions/A/libvMisc.dylib
0x0000000003230000 	/System/Library/Frameworks/Accelerate.framework/Versions/A/Frameworks/vecLib.framework/Versions/A/libLAPACK.dylib
0x0000000003230000 	/System/Library/Frameworks/Accelerate.framework/Versions/A/Frameworks/vecLib.framework/Versions/A/libBLAS.dylib
0x0000000003230000 	/System/Library/Frameworks/Accelerate.framework/Versions/A/Frameworks/vecLib.framework/Versions/A/libLinearAlgebra.dylib
0x0000000003230000 	/System/Library/Frameworks/ApplicationServices.framework/Versions/A/Frameworks/ATS.framework/Versions/A/Resources/libFontParser.dylib
0x0000000003230000 	/System/Library/Frameworks/ApplicationServices.framework/Versions/A/Frameworks/ATS.framework/Versions/A/Resources/libFontRegistry.dylib
0x0000000003230000 	/System/Library/PrivateFrameworks/AppleVPA.framework/Versions/A/AppleVPA
0x0000000003230000 	/System/Library/PrivateFrameworks/AppleJPEG.framework/Versions/A/AppleJPEG
0x0000000003230000 	/System/Library/Frameworks/ImageIO.framework/Versions/A/Resources/libJPEG.dylib
0x0000000003230000 	/System/Library/Frameworks/ImageIO.framework/Versions/A/Resources/libTIFF.dylib
0x0000000003230000 	/System/Library/Frameworks/ImageIO.framework/Versions/A/Resources/libPng.dylib
0x0000000003230000 	/System/Library/Frameworks/ImageIO.framework/Versions/A/Resources/libGIF.dylib
0x0000000003230000 	/System/Library/Frameworks/ImageIO.framework/Versions/A/Resources/libJP2.dylib
0x0000000003230000 	/System/Library/Frameworks/ImageIO.framework/Versions/A/Resources/libRadiance.dylib
0x0000000003230000 	/System/Library/Frameworks/CoreVideo.framework/Versions/A/CoreVideo
0x0000000003230000 	/System/Library/Frameworks/OpenGL.framework/Versions/A/Libraries/libGLU.dylib
0x0000000003230000 	/System/Library/Frameworks/OpenGL.framework/Versions/A/Libraries/libGFXShared.dylib
0x0000000003230000 	/System/Library/Frameworks/OpenGL.framework/Versions/A/Libraries/libGL.dylib
0x0000000003230000 	/System/Library/Frameworks/OpenGL.framework/Versions/A/Libraries/libGLImage.dylib
0x0000000003230000 	/System/Library/Frameworks/OpenGL.framework/Versions/A/Libraries/libCVMSPluginSupport.dylib
0x0000000003230000 	/System/Library/Frameworks/OpenGL.framework/Versions/A/Libraries/libCoreVMClient.dylib
0x0000000003230000 	/usr/lib/libcups.2.dylib
0x0000000003230000 	/System/Library/Frameworks/Kerberos.framework/Versions/A/Kerberos
0x0000000003230000 	/System/Library/Frameworks/GSS.framework/Versions/A/GSS
0x0000000003230000 	/usr/lib/libresolv.9.dylib
0x0000000003230000 	/usr/lib/libiconv.2.dylib
0x0000000003230000 	/System/Library/PrivateFrameworks/Heimdal.framework/Versions/A/Heimdal
0x0000000003230000 	/usr/lib/libheimdal-asn1.dylib
0x0000000003230000 	/System/Library/Frameworks/OpenDirectory.framework/Versions/A/OpenDirectory
0x0000000003230000 	/System/Library/PrivateFrameworks/CommonAuth.framework/Versions/A/CommonAuth
0x0000000003230000 	/System/Library/Frameworks/OpenDirectory.framework/Versions/A/Frameworks/CFOpenDirectory.framework/Versions/A/CFOpenDirectory
0x0000000003230000 	/System/Library/Frameworks/SecurityFoundation.framework/Versions/A/SecurityFoundation
0x0000000003230000 	/System/Library/PrivateFrameworks/LanguageModeling.framework/Versions/A/LanguageModeling
0x0000000003230000 	/usr/lib/libcmph.dylib
0x0000000003230000 	/System/Library/Frameworks/ServiceManagement.framework/Versions/A/ServiceManagement
0x0000000003230000 	/usr/lib/libxslt.1.dylib
0x0000000003230000 	/System/Library/Frameworks/Carbon.framework/Versions/A/Frameworks/Ink.framework/Versions/A/Ink
0x0000000003230000 	/System/Library/Frameworks/QuartzCore.framework/Versions/A/Frameworks/CoreImage.framework/Versions/A/CoreImage
0x0000000003230000 	/System/Library/PrivateFrameworks/CrashReporterSupport.framework/Versions/A/CrashReporterSupport
0x0000000003230000 	/System/Library/Frameworks/OpenCL.framework/Versions/A/OpenCL
0x0000000003230000 	/System/Library/PrivateFrameworks/FaceCore.framework/Versions/A/FaceCore
0x0000000003230000 	/System/Library/PrivateFrameworks/Ubiquity.framework/Versions/A/Ubiquity
0x0000000003230000 	/System/Library/PrivateFrameworks/IconServices.framework/Versions/A/IconServices
0x0000000003230000 	/System/Library/PrivateFrameworks/ChunkingLibrary.framework/Versions/A/ChunkingLibrary
0x0000000003230000 	/System/Library/PrivateFrameworks/Apple80211.framework/Versions/A/Apple80211
0x0000000003230000 	/System/Library/Frameworks/CoreWLAN.framework/Versions/A/CoreWLAN
0x0000000003230000 	/System/Library/Frameworks/IOBluetooth.framework/Versions/A/IOBluetooth
0x0000000003230000 	/System/Library/PrivateFrameworks/CoreWiFi.framework/Versions/A/CoreWiFi
0x0000000003230000 	/System/Library/Frameworks/CoreBluetooth.framework/Versions/A/CoreBluetooth
0x0000000003230000 	/System/Library/PrivateFrameworks/DebugSymbols.framework/Versions/A/DebugSymbols
0x0000000003230000 	/System/Library/PrivateFrameworks/CoreSymbolication.framework/Versions/A/CoreSymbolication
0x0000000003230000 	/System/Library/PrivateFrameworks/Symbolication.framework/Versions/A/Symbolication
0x0000000003230000 	/System/Library/PrivateFrameworks/SpeechRecognitionCore.framework/Versions/A/SpeechRecognitionCore
0x000000010f813000 	/Library/Java/JavaVirtualMachines/jdk1.8.0_31.jdk/Contents/Home/jre/lib/server/libjvm.dylib
0x0000000003230000 	/usr/lib/libstdc++.6.dylib
0x0000000110835000 	/Library/Java/JavaVirtualMachines/jdk1.8.0_31.jdk/Contents/Home/jre/lib/libverify.dylib
0x0000000110843000 	/Library/Java/JavaVirtualMachines/jdk1.8.0_31.jdk/Contents/Home/jre/lib/libjava.dylib
0x0000000110877000 	/Library/Java/JavaVirtualMachines/jdk1.8.0_31.jdk/Contents/Home/jre/lib/libjdwp.dylib
0x000000010e7fa000 	/Library/Java/JavaVirtualMachines/jdk1.8.0_31.jdk/Contents/Home/jre/lib/libnpt.dylib
0x00000001108c2000 	/Library/Java/JavaVirtualMachines/jdk1.8.0_31.jdk/Contents/Home/jre/lib/libinstrument.dylib
0x000000011091e000 	/Library/Java/JavaVirtualMachines/jdk1.8.0_31.jdk/Contents/Home/jre/lib/libzip.dylib
0x000000012c4d3000 	/System/Library/Frameworks/JavaVM.framework/Frameworks/JavaRuntimeSupport.framework/JavaRuntimeSupport
0x000000012c4e9000 	/System/Library/Frameworks/JavaVM.framework/Versions/A/Frameworks/JavaNativeFoundation.framework/Versions/A/JavaNativeFoundation
0x000000012c4fd000 	/System/Library/Frameworks/JavaVM.framework/Versions/A/JavaVM
0x0000000003230000 	/System/Library/Frameworks/Carbon.framework/Versions/A/Carbon
0x000000012c509000 	/System/Library/PrivateFrameworks/JavaLaunching.framework/Versions/A/JavaLaunching
0x0000000003230000 	/System/Library/Frameworks/Carbon.framework/Versions/A/Frameworks/CommonPanels.framework/Versions/A/CommonPanels
0x0000000003230000 	/System/Library/Frameworks/Carbon.framework/Versions/A/Frameworks/Help.framework/Versions/A/Help
0x0000000003230000 	/System/Library/Frameworks/Carbon.framework/Versions/A/Frameworks/ImageCapture.framework/Versions/A/ImageCapture
0x0000000003230000 	/System/Library/Frameworks/Carbon.framework/Versions/A/Frameworks/OpenScripting.framework/Versions/A/OpenScripting
0x0000000003230000 	/System/Library/Frameworks/Carbon.framework/Versions/A/Frameworks/Print.framework/Versions/A/Print
0x0000000003230000 	/System/Library/Frameworks/Carbon.framework/Versions/A/Frameworks/SecurityHI.framework/Versions/A/SecurityHI
0x000000012c61a000 	/Library/Java/JavaVirtualMachines/jdk1.8.0_31.jdk/Contents/Home/jre/lib/libdt_socket.dylib
0x000000012ef79000 	/Library/Java/JavaVirtualMachines/jdk1.8.0_31.jdk/Contents/Home/jre/lib/libmanagement.dylib
0x000000012ef86000 	/Library/Java/JavaVirtualMachines/jdk1.8.0_31.jdk/Contents/Home/jre/lib/libnet.dylib
0x000000012ec4c000 	/Library/Java/JavaVirtualMachines/jdk1.8.0_31.jdk/Contents/Home/jre/lib/libnio.dylib
0x000000012ec72000 	/Library/Java/JavaVirtualMachines/jdk1.8.0_31.jdk/Contents/Home/jre/lib/libsunec.dylib

VM Arguments:
jvm_args: -agentlib:jdwp=transport=dt_socket,address=127.0.0.1:54594,suspend=y,server=n -javaagent:/Users/steve/Library/Caches/IdeaIC14/groovyHotSwap/gragent.jar -Dfile.encoding=UTF-8 
java_command: dow.Dow
java_class_path (initial): /Library/Java/JavaVirtualMachines/jdk1.8.0_31.jdk/Contents/Home/lib/ant-javafx.jar:/Library/Java/JavaVirtualMachines/jdk1.8.0_31.jdk/Contents/Home/lib/dt.jar:/Library/Java/JavaVirtualMachines/jdk1.8.0_31.jdk/Contents/Home/lib/javafx-mx.jar:/Library/Java/JavaVirtualMachines/jdk1.8.0_31.jdk/Contents/Home/lib/jconsole.jar:/Library/Java/JavaVirtualMachines/jdk1.8.0_31.jdk/Contents/Home/lib/sa-jdi.jar:/Library/Java/JavaVirtualMachines/jdk1.8.0_31.jdk/Contents/Home/lib/tools.jar:/Library/Java/JavaVirtualMachines/jdk1.8.0_31.jdk/Contents/Home/jre/lib/charsets.jar:/Library/Java/JavaVirtualMachines/jdk1.8.0_31.jdk/Contents/Home/jre/lib/deploy.jar:/Library/Java/JavaVirtualMachines/jdk1.8.0_31.jdk/Contents/Home/jre/lib/javaws.jar:/Library/Java/JavaVirtualMachines/jdk1.8.0_31.jdk/Contents/Home/jre/lib/jce.jar:/Library/Java/JavaVirtualMachines/jdk1.8.0_31.jdk/Contents/Home/jre/lib/jfr.jar:/Library/Java/JavaVirtualMachines/jdk1.8.0_31.jdk/Contents/Home/jre/lib/jfxswt.jar:/Library/Java/JavaVirtualMachines/jdk1.8.0_31.jdk/Contents/Home/jre/lib/jsse.jar:/Library/Java/JavaVirtualMachines/jdk1.8.0_31.jdk/Contents/Home/jre/lib/management-agent.jar:/Library/Java/JavaVirtualMachines/jdk1.8.0_31.jdk/Contents/Home/jre/lib/plugin.jar:/Library/Java/JavaVirtualMachines/jdk1.8.0_31.jdk/Contents/Home/jre/lib/resources.jar:/Library/Java/JavaVirtualMachines/jdk1.8.0_31.jdk/Contents/Home/jre/lib/rt.jar:/Library/Java/JavaVirtualMachines/jdk1.8.0_31.jdk/Contents/Home/jre/lib/ext/cldrdata.jar:/Library/Java/JavaVirtualMachines/jdk1.8.0_31.jdk/Contents/Home/jre/lib/ext/dnsns.jar:/Library/Java/JavaVirtualMachines/jdk1.8.0_31.jdk/Contents/Home/jre/lib/ext/jfxrt.jar:/Library/Java/JavaVirtualMachines/jdk1.8.0_31.jdk/Contents/Home/jre/lib/ext/localedata.jar:/Library/Java/JavaVirtualMachines/jdk1.8.0_31.jdk/Contents/Home/jre/lib/ext/nashorn.jar:/Library/Java/JavaVirtualMachines/jdk1.8.0_31.jdk/Contents/Home/jre/lib/ext/sunec.jar:/Library/Java/JavaVirtualMachines/jdk1.8.0_31.jdk/C
Launcher Type: SUN_STANDARD

Environment Variables:
JAVA_HOME=/Library/Java/JavaVirtualMachines/jdk1.8.0_51.jdk/Contents/Home
PATH=/Library/Frameworks/Python.framework/Versions/3.5/bin:/Users/steve/bin:/usr/local/bin:/usr/bin:/bin:/usr/sbin:/sbin:/opt/X11/bin:/usr/local/git/bin
SHELL=/bin/bash
DISPLAY=/private/tmp/com.apple.launchd.8zbYDs7Sf7/org.macosforge.xquartz:0

Signal Handlers:
SIGSEGV: [libjvm.dylib+0x57a0e7], sa_mask[0]=11111111011111110111111111111111, sa_flags=SA_ONSTACK|SA_RESTART|SA_SIGINFO
SIGBUS: [libjvm.dylib+0x57a0e7], sa_mask[0]=11111111011111110111111111111111, sa_flags=SA_RESTART|SA_SIGINFO
SIGFPE: [libjvm.dylib+0x45af24], sa_mask[0]=11111111011111110111111111111111, sa_flags=SA_RESTART|SA_SIGINFO
SIGPIPE: [libjvm.dylib+0x45af24], sa_mask[0]=11111111011111110111111111111111, sa_flags=SA_RESTART|SA_SIGINFO
SIGXFSZ: [libjvm.dylib+0x45af24], sa_mask[0]=11111111011111110111111111111111, sa_flags=SA_RESTART|SA_SIGINFO
SIGILL: [libjvm.dylib+0x45af24], sa_mask[0]=11111111011111110111111111111111, sa_flags=SA_RESTART|SA_SIGINFO
SIGUSR1: SIG_DFL, sa_mask[0]=00000000000000000000000000000000, sa_flags=none
SIGUSR2: [libjvm.dylib+0x45aa42], sa_mask[0]=00100000000000000000000000000000, sa_flags=SA_RESTART|SA_SIGINFO
SIGHUP: [libjvm.dylib+0x459015], sa_mask[0]=11111111011111110111111111111111, sa_flags=SA_RESTART|SA_SIGINFO
SIGINT: [libjvm.dylib+0x459015], sa_mask[0]=11111111011111110111111111111111, sa_flags=SA_RESTART|SA_SIGINFO
SIGTERM: [libjvm.dylib+0x459015], sa_mask[0]=11111111011111110111111111111111, sa_flags=SA_RESTART|SA_SIGINFO
SIGQUIT: [libjvm.dylib+0x459015], sa_mask[0]=11111111011111110111111111111111, sa_flags=SA_RESTART|SA_SIGINFO


---------------  S Y S T E M  ---------------

OS:Bsduname:Darwin 14.5.0 Darwin Kernel Version 14.5.0: Wed Jul 29 02:26:53 PDT 2015; root:xnu-2782.40.9~1/RELEASE_X86_64 x86_64
rlimit: STACK 8192k, CORE 0k, NPROC 709, NOFILE 10240, AS infinity
load average:3.95 3.99 3.82

CPU:total 8 (4 cores per cpu, 2 threads per core) family 6 model 70 stepping 1, cmov, cx8, fxsr, mmx, sse, sse2, sse3, ssse3, sse4.1, sse4.2, popcnt, avx, avx2, aes, clmul, erms, lzcnt, ht, tsc, tscinvbit, bmi1, bmi2

Memory: 4k page, physical 16777216k(3546160k free)

/proc/meminfo:


vm_info: Java HotSpot(TM) 64-Bit Server VM (25.31-b07) for bsd-amd64 JRE (1.8.0_31-b13), built on Dec 17 2014 20:45:36 by "java_re" with gcc 4.2.1 (Based on Apple Inc. build 5658) (LLVM build 2336.11.00)

time: Sun Oct 18 11:23:24 2015
elapsed time: 318 seconds (0d 0h 5m 18s)

